info it worked if it ends with ok
verbose cli [ 'node', '/usr/local/bin/npm', 'install' ]
info using npm@1.0.105
info using node@v0.4.12
verbose config file /home/pouya/.npmrc
verbose config file /usr/local/etc/npmrc
verbose config file /usr/local/lib/node_modules/npm/npmrc
ERR! Couldn't read dependencies.
ERR! Error: ENOENT, No such file or directory '/home/pouya/dev/moa/package.json'
ERR! Report this *entire* log at:
ERR!     <http://github.com/isaacs/npm/issues>
ERR! or email it to:
ERR!     <npm-@googlegroups.com>
ERR! 
ERR! System Linux 2.6.38-13-generic
ERR! command "node" "/usr/local/bin/npm" "install"
ERR! cwd /home/pouya/dev/moa
ERR! node -v v0.4.12
ERR! npm -v 1.0.105
ERR! path /home/pouya/dev/moa/package.json
ERR! code ENOENT
verbose exit [ 1, true ]
