info it worked if it ends with ok
verbose cli [ 'node', '/usr/local/bin/npm', 'install', '-g', 'v8-profiler' ]
info using npm@1.0.105
info using node@v0.6.1-pre
verbose config file /home/pouya/.npmrc
verbose config file /usr/local/etc/npmrc
verbose config file /usr/local/lib/node_modules/npm/npmrc
silly exec /usr/local/bin/node "/usr/local/lib/node_modules/npm/bin/npm-get-uid-gid.js" "nobody" 1000
silly spawning [ '/usr/local/bin/node',
silly spawning   [ '/usr/local/lib/node_modules/npm/bin/npm-get-uid-gid.js',
silly spawning     'nobody',
silly spawning     1000 ],
silly spawning   null ]
silly output from getuid/gid {"uid":65534,"gid":1000}
silly output from getuid/gid 
verbose into /usr/local/lib [ 'v8-profiler' ]
verbose cache add v8-profiler
verbose cache add [ 'v8-profiler', null ]
silly cache add: name, spec, args [ undefined, 'v8-profiler', [ 'v8-profiler', null ] ]
verbose parsed url { pathname: 'v8-profiler',
verbose parsed url   path: 'v8-profiler',
verbose parsed url   href: 'v8-profiler' }
info addNamed [ 'v8-profiler', '' ]
verbose addNamed [ null, '' ]
verbose GET v8-profiler
verbose raw, before any munging v8-profiler
verbose url resolving [ 'https://registry.npmjs.org/', './v8-profiler' ]
verbose url resolved https://registry.npmjs.org/v8-profiler
verbose etag "99DPBPTM9KIMKZXZM4VSNCQW1"
silly get cb [ 304,
silly get cb   { server: 'CouchDB/1.1.0 (Erlang OTP/R14B04)',
silly get cb     etag: '"99DPBPTM9KIMKZXZM4VSNCQW1"',
silly get cb     date: 'Thu, 10 Nov 2011 20:59:49 GMT',
silly get cb     'content-length': '0' } ]
verbose etag v8-profiler from cache
verbose GET v8-profiler/0.0.3
verbose raw, before any munging v8-profiler/0.0.3
verbose url resolving [ 'https://registry.npmjs.org/', './v8-profiler/0.0.3' ]
verbose url resolved https://registry.npmjs.org/v8-profiler/0.0.3
verbose etag "99DPBPTM9KIMKZXZM4VSNCQW1"
silly get cb [ 304,
silly get cb   { server: 'CouchDB/1.1.0 (Erlang OTP/R14B04)',
silly get cb     etag: '"99DPBPTM9KIMKZXZM4VSNCQW1"',
silly get cb     date: 'Thu, 10 Nov 2011 20:59:51 GMT',
silly get cb     'content-length': '0' } ]
verbose etag v8-profiler/0.0.3 from cache
verbose bin dist [ '0.6-ares1.7.5-DEV-evundefined-openssl0.9.8o-v83.6.6.7-linux-ia32-2.6.38-12-generic',
verbose bin dist   { shasum: '4c0299285ce898bfe52e8639d597bc82f01ea17f',
verbose bin dist     tarball: 'http://registry.npmjs.org/v8-profiler/-/v8-profiler-0.0.3.tgz',
verbose bin dist     bin: 
verbose bin dist      { '0.4-sunos-5.11': 
verbose bin dist         { shasum: '85a624f07b41a7b8e924f2881549cacb4fee7c8b',
verbose bin dist           tarball: 'http://registry.npmjs.org/v8-profiler/-/v8-profiler-0.0.3-0.4-sunos-5.11.tgz' } } } ]
verbose has wscript [ undefined,
verbose has wscript   { file: '/home/pouya/.npm/v8-profiler/0.0.3/package/package.json',
verbose has wscript     contributors: false,
verbose has wscript     serverjs: false,
verbose has wscript     wscript: true } ]
silly testEngine { name: 'v8-profiler',
silly testEngine   version: '0.0.3',
silly testEngine   description: 'node bindings for the v8 profiler',
silly testEngine   homepage: 'http://github.com/dannycoates/v8-profiler',
silly testEngine   author: { name: 'Danny Coates', email: 'dannycoates@gmail.com' },
silly testEngine   keywords: [ 'profiler', 'inspector' ],
silly testEngine   engines: { node: '>=0.3.1' },
silly testEngine   main: 'v8-profiler',
silly testEngine   _id: 'v8-profiler@0.0.3',
silly testEngine   scripts: { preinstall: 'node-waf clean || true; node-waf configure build' },
silly testEngine   dependencies: {},
silly testEngine   devDependencies: {},
silly testEngine   _engineSupported: true,
silly testEngine   _npmVersion: '1.0.105',
silly testEngine   _nodeVersion: 'v0.6.1-pre',
silly testEngine   _defaultsLoaded: true }
verbose caching /home/pouya/.npm/v8-profiler/0.0.3/package/package.json
verbose loadDefaults v8-profiler@0.0.3
silly resolved [ { name: 'v8-profiler',
silly resolved     version: '0.0.3',
silly resolved     description: 'node bindings for the v8 profiler',
silly resolved     homepage: 'http://github.com/dannycoates/v8-profiler',
silly resolved     author: { name: 'Danny Coates', email: 'dannycoates@gmail.com' },
silly resolved     keywords: [ 'profiler', 'inspector' ],
silly resolved     engines: { node: '>=0.3.1' },
silly resolved     main: 'v8-profiler',
silly resolved     _id: 'v8-profiler@0.0.3',
silly resolved     scripts: { preinstall: 'node-waf clean || true; node-waf configure build' },
silly resolved     dependencies: {},
silly resolved     devDependencies: {},
silly resolved     _engineSupported: true,
silly resolved     _npmVersion: '1.0.105',
silly resolved     _nodeVersion: 'v0.6.1-pre',
silly resolved     _defaultsLoaded: true } ]
info into /usr/local/lib v8-profiler@0.0.3
info installOne v8-profiler@0.0.3
info unbuild /usr/local/lib/node_modules/v8-profiler
verbose from cache /home/pouya/.npm/v8-profiler/0.0.3/package/package.json
verbose mkdir (expected) error ENOENT, no such file or directory '/usr/local/lib/node_modules/___v8-profiler.npm'
verbose mkdir done: /usr/local/lib/node_modules/___v8-profiler.npm 755
verbose unpack_ uid, gid [ 65534, 1000 ]
verbose unpackTarget /usr/local/lib/node_modules/v8-profiler
silly gunzTarPerm modes [ '755', '644' ]
silly spawning [ 'tar',
silly spawning   [ '-zmvxpf',
silly spawning     '/home/pouya/.npm/v8-profiler/0.0.3/package.tgz',
silly spawning     '-o' ],
silly spawning   '/usr/local/lib/node_modules/___v8-profiler.npm' ]
silly tar out package/graph_edge.h
silly tar out package/profile.h
silly tar out package/package.json
silly tar out package/snapshot.cc
silly tar out package/.gitignore
silly tar out package/profiler.cc
silly tar out package/graph_node.cc
silly tar out package/graph_path.cc
silly tar out package/graph_edge.cc
silly tar out package/wscript
silly tar out package/snapshot.h
silly tar out package/snapshot_diff.h
silly tar out package/profile_node.h
silly tar out package/profile_node.cc
silly tar out package/graph_node.h
silly tar out package/graph_path.h
silly tar out package/profile.cc
silly tar out package/snapshot_diff.cc
silly tar out package/readme.md
silly tar out package/v8-profiler.js
silly tar exit 0
silly asyncMap in gTP /usr/local/lib/node_modules/___v8-profiler.npm/package
silly asyncMap in gTP /usr/local/lib/node_modules/___v8-profiler.npm/package/graph_edge.h
silly asyncMap in gTP /usr/local/lib/node_modules/___v8-profiler.npm/package/profile.h
silly asyncMap in gTP /usr/local/lib/node_modules/___v8-profiler.npm/package/package.json
silly asyncMap in gTP /usr/local/lib/node_modules/___v8-profiler.npm/package/snapshot.cc
silly asyncMap in gTP /usr/local/lib/node_modules/___v8-profiler.npm/package/.gitignore
silly asyncMap in gTP /usr/local/lib/node_modules/___v8-profiler.npm/package/profiler.cc
silly asyncMap in gTP /usr/local/lib/node_modules/___v8-profiler.npm/package/graph_node.cc
silly asyncMap in gTP /usr/local/lib/node_modules/___v8-profiler.npm/package/graph_path.cc
silly asyncMap in gTP /usr/local/lib/node_modules/___v8-profiler.npm/package/graph_edge.cc
silly asyncMap in gTP /usr/local/lib/node_modules/___v8-profiler.npm/package/wscript
silly asyncMap in gTP /usr/local/lib/node_modules/___v8-profiler.npm/package/snapshot.h
silly asyncMap in gTP /usr/local/lib/node_modules/___v8-profiler.npm/package/snapshot_diff.h
silly asyncMap in gTP /usr/local/lib/node_modules/___v8-profiler.npm/package/profile_node.h
silly asyncMap in gTP /usr/local/lib/node_modules/___v8-profiler.npm/package/profile_node.cc
silly asyncMap in gTP /usr/local/lib/node_modules/___v8-profiler.npm/package/graph_node.h
silly asyncMap in gTP /usr/local/lib/node_modules/___v8-profiler.npm/package/graph_path.h
silly asyncMap in gTP /usr/local/lib/node_modules/___v8-profiler.npm/package/profile.cc
silly asyncMap in gTP /usr/local/lib/node_modules/___v8-profiler.npm/package/snapshot_diff.cc
silly asyncMap in gTP /usr/local/lib/node_modules/___v8-profiler.npm/package/readme.md
silly asyncMap in gTP /usr/local/lib/node_modules/___v8-profiler.npm/package/v8-profiler.js
verbose gunzed /usr/local/lib/node_modules/___v8-profiler.npm/package
verbose rm'ed /usr/local/lib/node_modules/v8-profiler
verbose renamed [ '/usr/local/lib/node_modules/___v8-profiler.npm/package',
verbose renamed   '/usr/local/lib/node_modules/v8-profiler' ]
verbose has wscript [ undefined,
verbose has wscript   { file: '/usr/local/lib/node_modules/v8-profiler/package.json',
verbose has wscript     contributors: false,
verbose has wscript     serverjs: false,
verbose has wscript     wscript: true } ]
silly testEngine { name: 'v8-profiler',
silly testEngine   version: '0.0.3',
silly testEngine   description: 'node bindings for the v8 profiler',
silly testEngine   homepage: 'http://github.com/dannycoates/v8-profiler',
silly testEngine   author: { name: 'Danny Coates', email: 'dannycoates@gmail.com' },
silly testEngine   keywords: [ 'profiler', 'inspector' ],
silly testEngine   engines: { node: '>=0.3.1' },
silly testEngine   main: 'v8-profiler',
silly testEngine   _id: 'v8-profiler@0.0.3',
silly testEngine   scripts: { preinstall: 'node-waf clean || true; node-waf configure build' },
silly testEngine   dependencies: {},
silly testEngine   devDependencies: {},
silly testEngine   _engineSupported: true,
silly testEngine   _npmVersion: '1.0.105',
silly testEngine   _nodeVersion: 'v0.6.1-pre',
silly testEngine   _defaultsLoaded: true }
verbose caching /usr/local/lib/node_modules/v8-profiler/package.json
verbose loadDefaults v8-profiler@0.0.3
info preinstall v8-profiler@0.0.3
verbose unsafe-perm in lifecycle false
verbose Setting uid from 0 nobody
verbose stack at uid setting Error
verbose stack at uid setting     at exec (/usr/local/lib/node_modules/npm/lib/utils/exec.js:35:17)
verbose stack at uid setting     at Array.0 (/usr/local/lib/node_modules/npm/lib/utils/lifecycle.js:127:5)
verbose stack at uid setting     at EventEmitter._tickCallback (node.js:192:40)
silly exec sh "-c" "node-waf clean || true; node-waf configure build"
silly spawning [ 'sh',
silly spawning   [ '-c', 'node-waf clean || true; node-waf configure build' ],
silly spawning   '/usr/local/lib/node_modules/v8-profiler' ]
info v8-profiler@0.0.3 Failed to exec preinstall script
ERR! error installing v8-profiler@0.0.3 Error: v8-profiler@0.0.3 preinstall: `node-waf clean || true; node-waf configure build`
ERR! error installing v8-profiler@0.0.3 `sh "-c" "node-waf clean || true; node-waf configure build"` failed with 1
ERR! error installing v8-profiler@0.0.3     at ChildProcess.<anonymous> (/usr/local/lib/node_modules/npm/lib/utils/exec.js:49:20)
ERR! error installing v8-profiler@0.0.3     at ChildProcess.emit (events.js:70:17)
ERR! error installing v8-profiler@0.0.3     at maybeExit (child_process.js:359:16)
ERR! error installing v8-profiler@0.0.3     at Process.onexit (child_process.js:395:5)
info unbuild /usr/local/lib/node_modules/v8-profiler
verbose from cache /usr/local/lib/node_modules/v8-profiler/package.json
info preuninstall v8-profiler@0.0.3
info uninstall v8-profiler@0.0.3
verbose unbuild v8-profiler@0.0.3 [ true,
verbose unbuild v8-profiler@0.0.3   '/usr/local/lib/node_modules',
verbose unbuild v8-profiler@0.0.3   '/usr/local/lib/node_modules' ]
info postuninstall v8-profiler@0.0.3
verbose installOne cb v8-profiler@0.0.3
ERR! v8-profiler@0.0.3 preinstall: `node-waf clean || true; node-waf configure build`
ERR! `sh "-c" "node-waf clean || true; node-waf configure build"` failed with 1
ERR! 
ERR! Failed at the v8-profiler@0.0.3 preinstall script.
ERR! This is most likely a problem with the v8-profiler package,
ERR! not with npm itself.
ERR! Tell the author that this fails on your system:
ERR!     node-waf clean || true; node-waf configure build
ERR! You can get their info via:
ERR!     npm owner ls v8-profiler
ERR! There is likely additional logging output above.
ERR! 
ERR! System Linux 2.6.38-12-generic
ERR! command "node" "/usr/local/bin/npm" "install" "-g" "v8-profiler"
ERR! cwd /home/pouya/dev/moa/server
ERR! node -v v0.6.1-pre
ERR! npm -v 1.0.105
ERR! code ELIFECYCLE
verbose exit [ 1, true ]
